{"C:\\Users\\ASUS\\Desktop\\Programación\\Frontend formaciones\\React y TypeScript - La Guía Completa Creando +10 Proyectos\\fullstack projects\\administración de productos\\rest_api_node_ts_server\\src\\router.ts": {"path":"C:\\Users\\ASUS\\Desktop\\Programación\\Frontend formaciones\\React y TypeScript - La Guía Completa Creando +10 Proyectos\\fullstack projects\\administración de productos\\rest_api_node_ts_server\\src\\router.ts","statementMap":{"0":{"start":{"line":1,"column":0},"end":{"line":1,"column":33}},"1":{"start":{"line":2,"column":0},"end":{"line":2,"column":null}},"2":{"start":{"line":10,"column":0},"end":{"line":10,"column":48}},"3":{"start":{"line":11,"column":0},"end":{"line":11,"column":49}},"4":{"start":{"line":13,"column":15},"end":{"line":13,"column":23}},"5":{"start":{"line":15,"column":0},"end":{"line":15,"column":29}},"6":{"start":{"line":16,"column":0},"end":{"line":21,"column":2}},"7":{"start":{"line":23,"column":0},"end":{"line":38,"column":2}},"8":{"start":{"line":34,"column":23},"end":{"line":34,"column":32}},"9":{"start":{"line":40,"column":0},"end":{"line":59,"column":2}},"10":{"start":{"line":51,"column":23},"end":{"line":51,"column":32}},"11":{"start":{"line":61,"column":0},"end":{"line":66,"column":2}},"12":{"start":{"line":68,"column":0},"end":{"line":74,"column":2}},"13":{"start":{"line":76,"column":0},"end":{"line":76,"column":22}}},"fnMap":{"0":{"name":"(anonymous_0)","decl":{"start":{"line":34,"column":12},"end":{"line":34,"column":13}},"loc":{"start":{"line":34,"column":23},"end":{"line":34,"column":32}}},"1":{"name":"(anonymous_1)","decl":{"start":{"line":51,"column":12},"end":{"line":51,"column":13}},"loc":{"start":{"line":51,"column":23},"end":{"line":51,"column":32}}}},"branchMap":{},"s":{"0":2,"1":2,"2":2,"3":2,"4":2,"5":2,"6":2,"7":2,"8":4,"9":2,"10":5,"11":2,"12":2,"13":2},"f":{"0":4,"1":5},"b":{}}
,"C:\\Users\\ASUS\\Desktop\\Programación\\Frontend formaciones\\React y TypeScript - La Guía Completa Creando +10 Proyectos\\fullstack projects\\administración de productos\\rest_api_node_ts_server\\src\\server.ts": {"path":"C:\\Users\\ASUS\\Desktop\\Programación\\Frontend formaciones\\React y TypeScript - La Guía Completa Creando +10 Proyectos\\fullstack projects\\administración de productos\\rest_api_node_ts_server\\src\\server.ts","statementMap":{"0":{"start":{"line":6,"column":0},"end":{"line":6,"column":7}},"1":{"start":{"line":1,"column":0},"end":{"line":1,"column":30}},"2":{"start":{"line":2,"column":0},"end":{"line":2,"column":30}},"3":{"start":{"line":3,"column":0},"end":{"line":3,"column":29}},"4":{"start":{"line":4,"column":0},"end":{"line":4,"column":28}},"5":{"start":{"line":7,"column":2},"end":{"line":14,"column":3}},"6":{"start":{"line":8,"column":4},"end":{"line":8,"column":28}},"7":{"start":{"line":9,"column":4},"end":{"line":9,"column":14}},"8":{"start":{"line":12,"column":4},"end":{"line":12,"column":23}},"9":{"start":{"line":13,"column":4},"end":{"line":13,"column":73}},"10":{"start":{"line":17,"column":0},"end":{"line":17,"column":12}},"11":{"start":{"line":18,"column":15},"end":{"line":18,"column":24}},"12":{"start":{"line":19,"column":0},"end":{"line":19,"column":27}},"13":{"start":{"line":20,"column":0},"end":{"line":20,"column":36}},"14":{"start":{"line":21,"column":0},"end":{"line":23,"column":3}},"15":{"start":{"line":22,"column":2},"end":{"line":22,"column":33}},"16":{"start":{"line":24,"column":0},"end":{"line":24,"column":22}}},"fnMap":{"0":{"name":"connectDB","decl":{"start":{"line":6,"column":22},"end":{"line":6,"column":31}},"loc":{"start":{"line":6,"column":31},"end":{"line":15,"column":1}}},"1":{"name":"(anonymous_2)","decl":{"start":{"line":21,"column":19},"end":{"line":21,"column":20}},"loc":{"start":{"line":21,"column":32},"end":{"line":23,"column":1}}}},"branchMap":{},"s":{"0":2,"1":2,"2":2,"3":2,"4":2,"5":3,"6":3,"7":2,"8":1,"9":1,"10":2,"11":2,"12":2,"13":2,"14":2,"15":1,"16":2},"f":{"0":3,"1":1},"b":{}}
,"C:\\Users\\ASUS\\Desktop\\Programación\\Frontend formaciones\\React y TypeScript - La Guía Completa Creando +10 Proyectos\\fullstack projects\\administración de productos\\rest_api_node_ts_server\\src\\config\\db.ts": {"path":"C:\\Users\\ASUS\\Desktop\\Programación\\Frontend formaciones\\React y TypeScript - La Guía Completa Creando +10 Proyectos\\fullstack projects\\administración de productos\\rest_api_node_ts_server\\src\\config\\db.ts","statementMap":{"0":{"start":{"line":1,"column":0},"end":{"line":1,"column":49}},"1":{"start":{"line":2,"column":0},"end":{"line":2,"column":28}},"2":{"start":{"line":4,"column":0},"end":{"line":4,"column":16}},"3":{"start":{"line":5,"column":11},"end":{"line":8,"column":2}},"4":{"start":{"line":10,"column":0},"end":{"line":10,"column":18}}},"fnMap":{},"branchMap":{},"s":{"0":2,"1":2,"2":2,"3":2,"4":2},"f":{},"b":{}}
,"C:\\Users\\ASUS\\Desktop\\Programación\\Frontend formaciones\\React y TypeScript - La Guía Completa Creando +10 Proyectos\\fullstack projects\\administración de productos\\rest_api_node_ts_server\\src\\handlers\\product.ts": {"path":"C:\\Users\\ASUS\\Desktop\\Programación\\Frontend formaciones\\React y TypeScript - La Guía Completa Creando +10 Proyectos\\fullstack projects\\administración de productos\\rest_api_node_ts_server\\src\\handlers\\product.ts","statementMap":{"0":{"start":{"line":2,"column":0},"end":{"line":2,"column":46}},"1":{"start":{"line":5,"column":27},"end":{"line":8,"column":1}},"2":{"start":{"line":6,"column":19},"end":{"line":6,"column":44}},"3":{"start":{"line":7,"column":2},"end":{"line":7,"column":31}},"4":{"start":{"line":5,"column":13},"end":{"line":5,"column":27}},"5":{"start":{"line":10,"column":30},"end":{"line":19,"column":1}},"6":{"start":{"line":11,"column":17},"end":{"line":11,"column":27}},"7":{"start":{"line":12,"column":18},"end":{"line":12,"column":44}},"8":{"start":{"line":13,"column":2},"end":{"line":17,"column":3}},"9":{"start":{"line":14,"column":4},"end":{"line":16,"column":7}},"10":{"start":{"line":18,"column":2},"end":{"line":18,"column":30}},"11":{"start":{"line":10,"column":13},"end":{"line":10,"column":30}},"12":{"start":{"line":21,"column":29},"end":{"line":24,"column":1}},"13":{"start":{"line":22,"column":18},"end":{"line":22,"column":48}},"14":{"start":{"line":23,"column":2},"end":{"line":23,"column":42}},"15":{"start":{"line":21,"column":13},"end":{"line":21,"column":29}},"16":{"start":{"line":26,"column":29},"end":{"line":39,"column":1}},"17":{"start":{"line":27,"column":17},"end":{"line":27,"column":27}},"18":{"start":{"line":28,"column":18},"end":{"line":28,"column":44}},"19":{"start":{"line":29,"column":2},"end":{"line":33,"column":3}},"20":{"start":{"line":30,"column":4},"end":{"line":32,"column":7}},"21":{"start":{"line":36,"column":2},"end":{"line":36,"column":33}},"22":{"start":{"line":37,"column":2},"end":{"line":37,"column":23}},"23":{"start":{"line":38,"column":2},"end":{"line":38,"column":30}},"24":{"start":{"line":26,"column":13},"end":{"line":26,"column":29}},"25":{"start":{"line":41,"column":34},"end":{"line":52,"column":1}},"26":{"start":{"line":42,"column":17},"end":{"line":42,"column":27}},"27":{"start":{"line":43,"column":18},"end":{"line":43,"column":44}},"28":{"start":{"line":44,"column":2},"end":{"line":48,"column":3}},"29":{"start":{"line":45,"column":4},"end":{"line":47,"column":7}},"30":{"start":{"line":49,"column":2},"end":{"line":49,"column":48}},"31":{"start":{"line":50,"column":2},"end":{"line":50,"column":23}},"32":{"start":{"line":51,"column":2},"end":{"line":51,"column":30}},"33":{"start":{"line":41,"column":13},"end":{"line":41,"column":34}},"34":{"start":{"line":54,"column":28},"end":{"line":64,"column":1}},"35":{"start":{"line":55,"column":17},"end":{"line":55,"column":27}},"36":{"start":{"line":56,"column":18},"end":{"line":56,"column":44}},"37":{"start":{"line":57,"column":2},"end":{"line":61,"column":3}},"38":{"start":{"line":58,"column":4},"end":{"line":60,"column":7}},"39":{"start":{"line":62,"column":2},"end":{"line":62,"column":26}},"40":{"start":{"line":63,"column":2},"end":{"line":63,"column":43}},"41":{"start":{"line":54,"column":13},"end":{"line":54,"column":28}}},"fnMap":{"0":{"name":"(anonymous_1)","decl":{"start":{"line":5,"column":27},"end":{"line":5,"column":32}},"loc":{"start":{"line":5,"column":65},"end":{"line":8,"column":1}}},"1":{"name":"(anonymous_2)","decl":{"start":{"line":10,"column":30},"end":{"line":10,"column":35}},"loc":{"start":{"line":10,"column":68},"end":{"line":19,"column":1}}},"2":{"name":"(anonymous_3)","decl":{"start":{"line":21,"column":29},"end":{"line":21,"column":34}},"loc":{"start":{"line":21,"column":67},"end":{"line":24,"column":1}}},"3":{"name":"(anonymous_4)","decl":{"start":{"line":26,"column":29},"end":{"line":26,"column":34}},"loc":{"start":{"line":26,"column":67},"end":{"line":39,"column":1}}},"4":{"name":"(anonymous_5)","decl":{"start":{"line":41,"column":34},"end":{"line":41,"column":39}},"loc":{"start":{"line":41,"column":72},"end":{"line":52,"column":1}}},"5":{"name":"(anonymous_6)","decl":{"start":{"line":54,"column":28},"end":{"line":54,"column":33}},"loc":{"start":{"line":54,"column":66},"end":{"line":64,"column":1}}}},"branchMap":{"0":{"loc":{"start":{"line":13,"column":2},"end":{"line":17,"column":3}},"type":"if","locations":[{"start":{"line":13,"column":2},"end":{"line":17,"column":3}}]},"1":{"loc":{"start":{"line":29,"column":2},"end":{"line":33,"column":3}},"type":"if","locations":[{"start":{"line":29,"column":2},"end":{"line":33,"column":3}}]},"2":{"loc":{"start":{"line":44,"column":2},"end":{"line":48,"column":3}},"type":"if","locations":[{"start":{"line":44,"column":2},"end":{"line":48,"column":3}}]},"3":{"loc":{"start":{"line":57,"column":2},"end":{"line":61,"column":3}},"type":"if","locations":[{"start":{"line":57,"column":2},"end":{"line":61,"column":3}}]}},"s":{"0":2,"1":2,"2":2,"3":2,"4":2,"5":2,"6":2,"7":2,"8":2,"9":1,"10":2,"11":2,"12":2,"13":1,"14":1,"15":2,"16":2,"17":2,"18":2,"19":2,"20":1,"21":2,"22":1,"23":1,"24":2,"25":2,"26":2,"27":2,"28":2,"29":1,"30":2,"31":0,"32":0,"33":2,"34":2,"35":2,"36":2,"37":2,"38":1,"39":2,"40":1,"41":2},"f":{"0":2,"1":2,"2":1,"3":2,"4":2,"5":2},"b":{"0":[1],"1":[1],"2":[1],"3":[1]}}
,"C:\\Users\\ASUS\\Desktop\\Programación\\Frontend formaciones\\React y TypeScript - La Guía Completa Creando +10 Proyectos\\fullstack projects\\administración de productos\\rest_api_node_ts_server\\src\\middleware\\index.ts": {"path":"C:\\Users\\ASUS\\Desktop\\Programación\\Frontend formaciones\\React y TypeScript - La Guía Completa Creando +10 Proyectos\\fullstack projects\\administración de productos\\rest_api_node_ts_server\\src\\middleware\\index.ts","statementMap":{"0":{"start":{"line":2,"column":0},"end":{"line":2,"column":53}},"1":{"start":{"line":3,"column":33},"end":{"line":16,"column":1}},"2":{"start":{"line":8,"column":17},"end":{"line":8,"column":38}},"3":{"start":{"line":9,"column":2},"end":{"line":13,"column":3}},"4":{"start":{"line":11,"column":4},"end":{"line":11,"column":53}},"5":{"start":{"line":12,"column":4},"end":{"line":12,"column":11}},"6":{"start":{"line":15,"column":2},"end":{"line":15,"column":9}},"7":{"start":{"line":3,"column":13},"end":{"line":3,"column":33}}},"fnMap":{"0":{"name":"(anonymous_0)","decl":{"start":{"line":3,"column":33},"end":{"line":3,"column":null}},"loc":{"start":{"line":7,"column":10},"end":{"line":16,"column":1}}}},"branchMap":{"0":{"loc":{"start":{"line":9,"column":2},"end":{"line":13,"column":3}},"type":"if","locations":[{"start":{"line":9,"column":2},"end":{"line":13,"column":3}}]}},"s":{"0":2,"1":2,"2":17,"3":17,"4":8,"5":8,"6":9,"7":2},"f":{"0":17},"b":{"0":[8]}}
,"C:\\Users\\ASUS\\Desktop\\Programación\\Frontend formaciones\\React y TypeScript - La Guía Completa Creando +10 Proyectos\\fullstack projects\\administración de productos\\rest_api_node_ts_server\\src\\models\\Product.model.ts": {"path":"C:\\Users\\ASUS\\Desktop\\Programación\\Frontend formaciones\\React y TypeScript - La Guía Completa Creando +10 Proyectos\\fullstack projects\\administración de productos\\rest_api_node_ts_server\\src\\models\\Product.model.ts","statementMap":{"0":{"start":{"line":1,"column":0},"end":{"line":1,"column":79}},"1":{"start":{"line":6,"column":0},"end":{"line":22,"column":null}},"2":{"start":{"line":10,"column":10},"end":{"line":10,"column":null}},"3":{"start":{"line":15,"column":10},"end":{"line":15,"column":null}},"4":{"start":{"line":21,"column":10},"end":{"line":21,"column":null}},"5":{"start":{"line":6,"column":6},"end":{"line":22,"column":null}},"6":{"start":{"line":24,"column":0},"end":{"line":24,"column":23}}},"fnMap":{},"branchMap":{},"s":{"0":3,"1":3,"2":3,"3":3,"4":3,"5":3,"6":3},"f":{},"b":{}}
}
